{"level":"info","msg":"Server listening on port 8080","time":"2024-05-24T13:29:15+05:00"}
{"action":"mainPageHandler","level":"info","method":"GET","msg":"Handling main page request","path":"/","time":"2024-05-24T13:29:31+05:00"}
{"level":"info","msg":"Server listening on port 8080","time":"2024-05-24T13:53:34+05:00"}
{"level":"info","msg":"Server listening on port 8080","time":"2024-05-24T13:59:33+05:00"}
{"action":"mainPageHandler","level":"info","method":"GET","msg":"Handling main page request","path":"/","time":"2024-05-24T13:59:42+05:00"}
{"level":"info","msg":"Server listening on port 8080","time":"2024-05-24T14:00:17+05:00"}
{"action":"mainPageHandler","level":"info","method":"GET","msg":"Handling main page request","path":"/","time":"2024-05-24T14:00:19+05:00"}
{"level":"info","msg":"Retrieving role for user ID: 4\n","time":"2024-05-24T14:01:29+05:00"}
{"level":"info","msg":"User role: NeKrurt\n","time":"2024-05-24T14:01:29+05:00"}
{"action":"mainPageHandler","level":"info","method":"GET","msg":"Handling main page request","path":"/","time":"2024-05-24T14:01:34+05:00"}
{"action":"mainPageHandler","level":"info","method":"GET","msg":"Handling main page request","path":"/","time":"2024-05-24T14:02:51+05:00"}
{"action":"mainPageHandler","level":"info","method":"GET","msg":"Handling main page request","path":"/","time":"2024-05-24T14:02:54+05:00"}
{"action":"mainPageHandler","level":"info","method":"GET","msg":"Handling main page request","path":"/","time":"2024-05-24T14:03:02+05:00"}
{"level":"info","msg":"Server listening on port 8080","time":"2024-05-24T14:03:17+05:00"}
{"action":"mainPageHandler","level":"info","method":"GET","msg":"Handling main page request","path":"/","time":"2024-05-24T14:03:19+05:00"}
{"action":"mainPageHandler","level":"info","method":"GET","msg":"Handling main page request","path":"/","time":"2024-05-24T14:03:21+05:00"}
{"action":"mainPageHandler","level":"info","method":"GET","msg":"Handling main page request","path":"/","time":"2024-05-24T14:03:24+05:00"}
{"action":"mainPageHandler","level":"info","method":"GET","msg":"Handling main page request","path":"/","time":"2024-05-24T14:03:24+05:00"}
{"level":"info","msg":"Server listening on port 8080","time":"2024-05-24T14:03:56+05:00"}
{"action":"mainPageHandler","level":"info","method":"GET","msg":"Handling main page request","path":"/","time":"2024-05-24T14:03:58+05:00"}
{"action":"mainPageHandler","level":"info","method":"GET","msg":"Handling main page request","path":"/","time":"2024-05-24T14:03:59+05:00"}
{"action":"mainPageHandler","level":"info","method":"GET","msg":"Handling main page request","path":"/","time":"2024-05-24T14:04:12+05:00"}
{"action":"mainPageHandler","level":"info","method":"GET","msg":"Handling main page request","path":"/","time":"2024-05-24T14:04:15+05:00"}
{"level":"info","msg":"Server listening on port 8080","time":"2024-05-24T14:05:58+05:00"}
{"action":"mainPageHandler","level":"info","method":"GET","msg":"Handling main page request","path":"/","time":"2024-05-24T14:06:01+05:00"}
{"action":"mainPageHandler","level":"info","method":"GET","msg":"Handling main page request","path":"/","time":"2024-05-24T14:06:02+05:00"}
{"action":"mainPageHandler","level":"info","method":"GET","msg":"Handling main page request","path":"/","time":"2024-05-24T14:06:02+05:00"}
{"action":"mainPageHandler","level":"info","method":"GET","msg":"Handling main page request","path":"/","time":"2024-05-24T14:06:02+05:00"}
{"action":"mainPageHandler","level":"info","method":"GET","msg":"Handling main page request","path":"/","time":"2024-05-24T14:06:04+05:00"}
{"action":"mainPageHandler","level":"info","method":"GET","msg":"Handling main page request","path":"/","time":"2024-05-24T14:06:14+05:00"}
{"action":"mainPageHandler","level":"info","method":"GET","msg":"Handling main page request","path":"/","time":"2024-05-24T14:06:25+05:00"}
{"level":"info","msg":"Server listening on port 8080","time":"2024-05-24T14:06:48+05:00"}
{"action":"mainPageHandler","level":"info","method":"GET","msg":"Handling main page request","path":"/","time":"2024-05-24T14:06:50+05:00"}
{"action":"mainPageHandler","level":"info","method":"GET","msg":"Handling main page request","path":"/","time":"2024-05-24T14:06:51+05:00"}
{"action":"mainPageHandler","level":"info","method":"GET","msg":"Handling main page request","path":"/","time":"2024-05-24T14:06:52+05:00"}
{"action":"mainPageHandler","level":"info","method":"GET","msg":"Handling main page request","path":"/","time":"2024-05-24T14:06:53+05:00"}
{"action":"mainPageHandler","level":"info","method":"GET","msg":"Handling main page request","path":"/","time":"2024-05-24T14:06:54+05:00"}
{"level":"info","msg":"Server listening on port 8080","time":"2024-05-24T15:07:14+05:00"}
{"level":"info","msg":"Server listening on port 8080","time":"2024-05-24T15:08:56+05:00"}
{"level":"info","msg":"Server listening on port 8080","time":"2024-05-24T15:09:38+05:00"}
{"action":"mainPageHandler","level":"info","method":"GET","msg":"Handling main page request","path":"/","time":"2024-05-24T15:10:14+05:00"}
{"level":"info","msg":"Server listening on port 8080","time":"2024-06-02T00:06:27+05:00"}
{"action":"mainPageHandler","level":"info","method":"GET","msg":"Handling main page request","path":"/","time":"2024-06-02T00:06:35+05:00"}
